<?xml version="1.0" encoding="UTF-8"?>
<!-- Generated by org.testng.reporters.JUnitReportReporter -->
<testsuite skipped="0" hostname="Tithi-PC" name="com.test.Test1" tests="1" failures="0" timestamp="2020-04-29T16:31:39 EDT" time="33.874" errors="0">
  <testcase name="verifyMainPageTitle" time="33.874" classname="com.test.Test1"/>
  <system-out/>
</testsuite> <!-- com.test.Test1 -->
